{"/home/trevor/dev/projects/orgs/jsdsl/stack/ts/stack.ts": {"path":"/home/trevor/dev/projects/orgs/jsdsl/stack/ts/stack.ts","statementMap":{"0":{"start":{"line":7,"column":0},"end":{"line":7,"column":52}},"1":{"start":{"line":8,"column":0},"end":{"line":8,"column":53}},"2":{"start":{"line":23,"column":2},"end":{"line":23,"column":10}},"3":{"start":{"line":25,"column":2},"end":{"line":25,"column":26}},"4":{"start":{"line":26,"column":2},"end":{"line":26,"column":24}},"5":{"start":{"line":32,"column":2},"end":{"line":32,"column":35}},"6":{"start":{"line":38,"column":2},"end":{"line":38,"column":34}},"7":{"start":{"line":44,"column":2},"end":{"line":44,"column":59}},"8":{"start":{"line":50,"column":2},"end":{"line":50,"column":21}},"9":{"start":{"line":56,"column":2},"end":{"line":56,"column":26}},"10":{"start":{"line":62,"column":2},"end":{"line":62,"column":46}},"11":{"start":{"line":68,"column":2},"end":{"line":68,"column":35}},"12":{"start":{"line":74,"column":2},"end":{"line":74,"column":43}},"13":{"start":{"line":80,"column":2},"end":{"line":80,"column":50}},"14":{"start":{"line":88,"column":2},"end":{"line":94,"column":24}},"15":{"start":{"line":90,"column":3},"end":{"line":90,"column":47}},"16":{"start":{"line":92,"column":3},"end":{"line":92,"column":57}},"17":{"start":{"line":92,"column":21},"end":{"line":92,"column":57}},"18":{"start":{"line":100,"column":2},"end":{"line":100,"column":35}},"19":{"start":{"line":106,"column":2},"end":{"line":106,"column":28}},"20":{"start":{"line":17,"column":0},"end":{"line":17,"column":13}}},"fnMap":{"0":{"name":"(anonymous_0)","decl":{"start":{"line":21,"column":1},"end":{"line":21,"column":20}},"loc":{"start":{"line":21,"column":36},"end":{"line":28,"column":2}}},"1":{"name":"(anonymous_1)","decl":{"start":{"line":30,"column":8},"end":{"line":30,"column":12}},"loc":{"start":{"line":30,"column":23},"end":{"line":34,"column":2}}},"2":{"name":"(anonymous_2)","decl":{"start":{"line":36,"column":8},"end":{"line":36,"column":11}},"loc":{"start":{"line":36,"column":11},"end":{"line":40,"column":2}}},"3":{"name":"(anonymous_3)","decl":{"start":{"line":42,"column":8},"end":{"line":42,"column":12}},"loc":{"start":{"line":42,"column":12},"end":{"line":46,"column":2}}},"4":{"name":"(anonymous_4)","decl":{"start":{"line":48,"column":8},"end":{"line":48,"column":11}},"loc":{"start":{"line":48,"column":22},"end":{"line":52,"column":2}}},"5":{"name":"(anonymous_5)","decl":{"start":{"line":54,"column":8},"end":{"line":54,"column":13}},"loc":{"start":{"line":54,"column":13},"end":{"line":58,"column":2}}},"6":{"name":"(anonymous_6)","decl":{"start":{"line":60,"column":8},"end":{"line":60,"column":16}},"loc":{"start":{"line":60,"column":27},"end":{"line":64,"column":2}}},"7":{"name":"(anonymous_7)","decl":{"start":{"line":66,"column":8},"end":{"line":66,"column":11}},"loc":{"start":{"line":66,"column":25},"end":{"line":70,"column":2}}},"8":{"name":"(anonymous_8)","decl":{"start":{"line":72,"column":8},"end":{"line":72,"column":15}},"loc":{"start":{"line":72,"column":15},"end":{"line":76,"column":2}}},"9":{"name":"(anonymous_9)","decl":{"start":{"line":78,"column":8},"end":{"line":78,"column":16}},"loc":{"start":{"line":78,"column":16},"end":{"line":82,"column":2}}},"10":{"name":"(anonymous_10)","decl":{"start":{"line":84,"column":8},"end":{"line":84,"column":14}},"loc":{"start":{"line":84,"column":25},"end":{"line":96,"column":2}}},"11":{"name":"(anonymous_11)","decl":{"start":{"line":98,"column":8},"end":{"line":98,"column":12}},"loc":{"start":{"line":98,"column":12},"end":{"line":102,"column":2}}},"12":{"name":"(anonymous_12)","decl":{"start":{"line":104,"column":8},"end":{"line":104,"column":15}},"loc":{"start":{"line":104,"column":15},"end":{"line":108,"column":2}}}},"branchMap":{"0":{"loc":{"start":{"line":92,"column":3},"end":{"line":92,"column":57}},"type":"if","locations":[{"start":{"line":92,"column":3},"end":{"line":92,"column":57}},{"start":{"line":92,"column":3},"end":{"line":92,"column":57}}]}},"s":{"0":1,"1":1,"2":7,"3":7,"4":7,"5":9,"6":8,"7":5,"8":4,"9":0,"10":0,"11":0,"12":0,"13":0,"14":0,"15":0,"16":0,"17":0,"18":0,"19":1,"20":1},"f":{"0":7,"1":9,"2":8,"3":5,"4":4,"5":0,"6":0,"7":0,"8":0,"9":0,"10":0,"11":0,"12":1},"b":{"0":[0,0]}}
}
