TN:
SF:/home/trevor/dev/projects/orgs/jsdsl/stack/ts/stack.ts
FN:21,(anonymous_0)
FN:30,(anonymous_1)
FN:36,(anonymous_2)
FN:42,(anonymous_3)
FN:48,(anonymous_4)
FN:54,(anonymous_5)
FN:60,(anonymous_6)
FN:66,(anonymous_7)
FN:72,(anonymous_8)
FN:78,(anonymous_9)
FN:84,(anonymous_10)
FN:98,(anonymous_11)
FN:104,(anonymous_12)
FNF:13
FNH:6
FNDA:7,(anonymous_0)
FNDA:9,(anonymous_1)
FNDA:8,(anonymous_2)
FNDA:5,(anonymous_3)
FNDA:4,(anonymous_4)
FNDA:0,(anonymous_5)
FNDA:0,(anonymous_6)
FNDA:0,(anonymous_7)
FNDA:0,(anonymous_8)
FNDA:0,(anonymous_9)
FNDA:0,(anonymous_10)
FNDA:0,(anonymous_11)
FNDA:1,(anonymous_12)
DA:7,1
DA:8,1
DA:17,1
DA:23,7
DA:25,7
DA:26,7
DA:32,9
DA:38,8
DA:44,5
DA:50,4
DA:56,0
DA:62,0
DA:68,0
DA:74,0
DA:80,0
DA:88,0
DA:90,0
DA:92,0
DA:100,0
DA:106,1
LF:20
LH:11
BRDA:92,0,0,0
BRDA:92,0,1,0
BRF:2
BRH:0
end_of_record
